# JRE version: OpenJDK Runtime Environment (21.0.8) (build 21.0.8+-14196175-b1038.72)
# Java VM: OpenJDK 64-Bit Server VM (21.0.8+-14196175-b1038.72, mixed mode, tiered, compressed oops, compressed class ptrs, g1 gc, windows-amd64)
GC Precious Log:
 CardTable entry size: 512
 Card Set container configuration: InlinePtr #cards 4 size 8 Array Of Cards #cards 32 size 80 Howl #buckets 8 coarsen threshold 7372 Howl Bitmap #cards 1024 size 144 coarsen threshold 921 Card regions per heap region 1 cards per card region 8192
 CPUs: 12 total, 12 available
 Memory: 7381M
 Large Page Support: Disabled
 NUMA Support: Disabled
 Compressed Oops: Enabled (Zero based)
 Heap Region Size: 4M
 Heap Min Capacity: 8M
 Heap Initial Capacity: 116M
 Heap Max Capacity: 6G
 Pre-touch: Disabled
 Parallel Workers: 10
 Concurrent Workers: 3
 Concurrent Refinement Workers: 10
 Periodic GC: Disabled
Heap:
 garbage-first heap   total 983040K, used 619412K [0x0000000680000000, 0x0000000800000000)
  region size 4096K, 10 young (40960K), 10 survivors (40960K)
 Metaspace       used 145788K, committed 148224K, reserved 1179648K
  class space    used 20615K, committed 21760K, reserved 1048576K
GC Heap History (20 events):
Event: 23.259 GC heap after
{Heap after GC invocations=54 (full 0):
 garbage-first heap   total 446464K, used 209276K [0x0000000680000000, 0x0000000800000000)
  region size 4096K, 3 young (12288K), 3 survivors (12288K)
 Metaspace       used 128482K, committed 130880K, reserved 1179648K
  class space    used 17959K, committed 19136K, reserved 1048576K
}
Event: 23.804 GC heap before
{Heap before GC invocations=55 (full 0):
 garbage-first heap   total 446464K, used 369020K [0x0000000680000000, 0x0000000800000000)
  region size 4096K, 43 young (176128K), 3 survivors (12288K)
 Metaspace       used 130587K, committed 132928K, reserved 1179648K
  class space    used 18309K, committed 19456K, reserved 1048576K
}
Event: 23.814 GC heap after
{Heap after GC invocations=56 (full 0):
 garbage-first heap   total 446464K, used 249253K [0x0000000680000000, 0x0000000800000000)
  region size 4096K, 6 young (24576K), 6 survivors (24576K)
 Metaspace       used 130587K, committed 132928K, reserved 1179648K
  class space    used 18309K, committed 19456K, reserved 1048576K
}
Event: 24.106 GC heap before
{Heap before GC invocations=56 (full 0):
 garbage-first heap   total 446464K, used 372133K [0x0000000680000000, 0x0000000800000000)
  region size 4096K, 36 young (147456K), 6 survivors (24576K)
 Metaspace       used 132933K, committed 135360K, reserved 1179648K
  class space    used 18649K, committed 19840K, reserved 1048576K
}
Event: 24.123 GC heap after
{Heap after GC invocations=57 (full 0):
 garbage-first heap   total 446464K, used 276203K [0x0000000680000000, 0x0000000800000000)
  region size 4096K, 5 young (20480K), 5 survivors (20480K)
 Metaspace       used 132933K, committed 135360K, reserved 1179648K
  class space    used 18649K, committed 19840K, reserved 1048576K
}
Event: 24.265 GC heap before
{Heap before GC invocations=57 (full 0):
 garbage-first heap   total 446464K, used 382699K [0x0000000680000000, 0x0000000800000000)
  region size 4096K, 31 young (126976K), 5 survivors (20480K)
 Metaspace       used 133390K, committed 135808K, reserved 1179648K
  class space    used 18717K, committed 19904K, reserved 1048576K
}
Event: 24.286 GC heap after
{Heap after GC invocations=58 (full 0):
 garbage-first heap   total 446464K, used 300247K [0x0000000680000000, 0x0000000800000000)
  region size 4096K, 4 young (16384K), 4 survivors (16384K)
 Metaspace       used 133390K, committed 135808K, reserved 1179648K
  class space    used 18717K, committed 19904K, reserved 1048576K
}
Event: 24.435 GC heap before
{Heap before GC invocations=58 (full 0):
 garbage-first heap   total 446464K, used 394455K [0x0000000680000000, 0x0000000800000000)
  region size 4096K, 27 young (110592K), 4 survivors (16384K)
 Metaspace       used 133656K, committed 136064K, reserved 1179648K
  class space    used 18764K, committed 19904K, reserved 1048576K
}
Event: 24.456 GC heap after
{Heap after GC invocations=59 (full 0):
 garbage-first heap   total 446464K, used 322155K [0x0000000680000000, 0x0000000800000000)
  region size 4096K, 4 young (16384K), 4 survivors (16384K)
 Metaspace       used 133656K, committed 136064K, reserved 1179648K
  class space    used 18764K, committed 19904K, reserved 1048576K
}
Event: 24.630 GC heap before
{Heap before GC invocations=59 (full 0):
 garbage-first heap   total 540672K, used 391787K [0x0000000680000000, 0x0000000800000000)
  region size 4096K, 22 young (90112K), 4 survivors (16384K)
 Metaspace       used 134422K, committed 136832K, reserved 1179648K
  class space    used 18885K, committed 20032K, reserved 1048576K
}
Event: 24.653 GC heap after
{Heap after GC invocations=60 (full 0):
 garbage-first heap   total 983040K, used 339683K [0x0000000680000000, 0x0000000800000000)
  region size 4096K, 3 young (12288K), 3 survivors (12288K)
 Metaspace       used 134422K, committed 136832K, reserved 1179648K
  class space    used 18885K, committed 20032K, reserved 1048576K
}
Event: 25.539 GC heap before
{Heap before GC invocations=61 (full 0):
 garbage-first heap   total 983040K, used 704227K [0x0000000680000000, 0x0000000800000000)
  region size 4096K, 93 young (380928K), 3 survivors (12288K)
 Metaspace       used 138174K, committed 140608K, reserved 1179648K
  class space    used 19448K, committed 20608K, reserved 1048576K
}
Event: 25.609 GC heap after
{Heap after GC invocations=62 (full 0):
 garbage-first heap   total 983040K, used 421369K [0x0000000680000000, 0x0000000800000000)
  region size 4096K, 12 young (49152K), 12 survivors (49152K)
 Metaspace       used 138174K, committed 140608K, reserved 1179648K
  class space    used 19448K, committed 20608K, reserved 1048576K
}
Event: 26.160 GC heap before
{Heap before GC invocations=62 (full 0):
 garbage-first heap   total 983040K, used 744953K [0x0000000680000000, 0x0000000800000000)
  region size 4096K, 91 young (372736K), 12 survivors (49152K)
 Metaspace       used 140683K, committed 143040K, reserved 1179648K
  class space    used 19858K, committed 20992K, reserved 1048576K
}
Event: 26.264 GC heap after
{Heap after GC invocations=63 (full 0):
 garbage-first heap   total 983040K, used 488862K [0x0000000680000000, 0x0000000800000000)
  region size 4096K, 12 young (49152K), 12 survivors (49152K)
 Metaspace       used 140683K, committed 143040K, reserved 1179648K
  class space    used 19858K, committed 20992K, reserved 1048576K
}
Event: 27.330 GC heap before
{Heap before GC invocations=63 (full 0):
 garbage-first heap   total 983040K, used 787870K [0x0000000680000000, 0x0000000800000000)
  region size 4096K, 85 young (348160K), 12 survivors (49152K)
 Metaspace       used 144094K, committed 146496K, reserved 1179648K
  class space    used 20416K, committed 21568K, reserved 1048576K
}
Event: 27.406 GC heap after
{Heap after GC invocations=64 (full 0):
 garbage-first heap   total 983040K, used 541908K [0x0000000680000000, 0x0000000800000000)
  region size 4096K, 11 young (45056K), 11 survivors (45056K)
 Metaspace       used 144094K, committed 146496K, reserved 1179648K
  class space    used 20416K, committed 21568K, reserved 1048576K
}
Event: 28.259 GC heap before
{Heap before GC invocations=64 (full 0):
 garbage-first heap   total 983040K, used 824532K [0x0000000680000000, 0x0000000800000000)
  region size 4096K, 80 young (327680K), 11 survivors (45056K)
 Metaspace       used 144973K, committed 147392K, reserved 1179648K
  class space    used 20553K, committed 21696K, reserved 1048576K
}
Event: 28.313 GC heap after
{Heap after GC invocations=65 (full 0):
 garbage-first heap   total 983040K, used 581268K [0x0000000680000000, 0x0000000800000000)
  region size 4096K, 9 young (36864K), 9 survivors (36864K)
 Metaspace       used 144973K, committed 147392K, reserved 1179648K
  class space    used 20553K, committed 21696K, reserved 1048576K
}
Event: 29.437 GC heap before
{Heap before GC invocations=65 (full 0):
 garbage-first heap   total 983040K, used 855700K [0x0000000680000000, 0x0000000800000000)
  region size 4096K, 76 young (311296K), 9 survivors (36864K)
 Metaspace       used 145788K, committed 148224K, reserved 1179648K
  class space    used 20615K, committed 21760K, reserved 1048576K
}

