# JRE version: OpenJDK Runtime Environment (21.0.8) (build 21.0.8+-14196175-b1038.72)
# Java VM: OpenJDK 64-Bit Server VM (21.0.8+-14196175-b1038.72, mixed mode, tiered, compressed oops, compressed class ptrs, g1 gc, windows-amd64)
GC Precious Log:
 CardTable entry size: 512
 Card Set container configuration: InlinePtr #cards 4 size 8 Array Of Cards #cards 32 size 80 Howl #buckets 8 coarsen threshold 7372 Howl Bitmap #cards 1024 size 144 coarsen threshold 921 Card regions per heap region 1 cards per card region 8192
 CPUs: 12 total, 12 available
 Memory: 7381M
 Large Page Support: Disabled
 NUMA Support: Disabled
 Compressed Oops: Enabled (Zero based)
 Heap Region Size: 4M
 Heap Min Capacity: 8M
 Heap Initial Capacity: 116M
 Heap Max Capacity: 6G
 Pre-touch: Disabled
 Parallel Workers: 10
 Concurrent Workers: 3
 Concurrent Refinement Workers: 10
 Periodic GC: Disabled
Heap:
 garbage-first heap   total 1323008K, used 628975K [0x0000000680000000, 0x0000000800000000)
  region size 4096K, 11 young (45056K), 11 survivors (45056K)
 Metaspace       used 145301K, committed 147712K, reserved 1179648K
  class space    used 20503K, committed 21696K, reserved 1048576K
GC Heap History (20 events):
Event: 17.983 GC heap after
{Heap after GC invocations=54 (full 0):
 garbage-first heap   total 442368K, used 201309K [0x0000000680000000, 0x0000000800000000)
  region size 4096K, 3 young (12288K), 3 survivors (12288K)
 Metaspace       used 127320K, committed 129664K, reserved 1179648K
  class space    used 17859K, committed 19008K, reserved 1048576K
}
Event: 18.280 GC heap before
{Heap before GC invocations=55 (full 0):
 garbage-first heap   total 442368K, used 365149K [0x0000000680000000, 0x0000000800000000)
  region size 4096K, 44 young (180224K), 3 survivors (12288K)
 Metaspace       used 129857K, committed 132224K, reserved 1179648K
  class space    used 18297K, committed 19456K, reserved 1048576K
}
Event: 18.290 GC heap after
{Heap after GC invocations=56 (full 0):
 garbage-first heap   total 442368K, used 240987K [0x0000000680000000, 0x0000000800000000)
  region size 4096K, 6 young (24576K), 6 survivors (24576K)
 Metaspace       used 129857K, committed 132224K, reserved 1179648K
  class space    used 18297K, committed 19456K, reserved 1048576K
}
Event: 18.434 GC heap before
{Heap before GC invocations=56 (full 0):
 garbage-first heap   total 442368K, used 367963K [0x0000000680000000, 0x0000000800000000)
  region size 4096K, 37 young (151552K), 6 survivors (24576K)
 Metaspace       used 131891K, committed 134336K, reserved 1179648K
  class space    used 18554K, committed 19712K, reserved 1048576K
}
Event: 18.454 GC heap after
{Heap after GC invocations=57 (full 0):
 garbage-first heap   total 442368K, used 266156K [0x0000000680000000, 0x0000000800000000)
  region size 4096K, 5 young (20480K), 5 survivors (20480K)
 Metaspace       used 131891K, committed 134336K, reserved 1179648K
  class space    used 18554K, committed 19712K, reserved 1048576K
}
Event: 18.516 GC heap before
{Heap before GC invocations=57 (full 0):
 garbage-first heap   total 442368K, used 380844K [0x0000000680000000, 0x0000000800000000)
  region size 4096K, 33 young (135168K), 5 survivors (20480K)
 Metaspace       used 132336K, committed 134720K, reserved 1179648K
  class space    used 18629K, committed 19776K, reserved 1048576K
}
Event: 18.532 GC heap after
{Heap after GC invocations=58 (full 0):
 garbage-first heap   total 442368K, used 293285K [0x0000000680000000, 0x0000000800000000)
  region size 4096K, 5 young (20480K), 5 survivors (20480K)
 Metaspace       used 132336K, committed 134720K, reserved 1179648K
  class space    used 18629K, committed 19776K, reserved 1048576K
}
Event: 18.633 GC heap before
{Heap before GC invocations=58 (full 0):
 garbage-first heap   total 442368K, used 387493K [0x0000000680000000, 0x0000000800000000)
  region size 4096K, 29 young (118784K), 5 survivors (20480K)
 Metaspace       used 133884K, committed 136320K, reserved 1179648K
  class space    used 18840K, committed 20032K, reserved 1048576K
}
Event: 18.647 GC heap after
{Heap after GC invocations=59 (full 0):
 garbage-first heap   total 442368K, used 314277K [0x0000000680000000, 0x0000000800000000)
  region size 4096K, 4 young (16384K), 4 survivors (16384K)
 Metaspace       used 133884K, committed 136320K, reserved 1179648K
  class space    used 18840K, committed 20032K, reserved 1048576K
}
Event: 18.758 GC heap before
{Heap before GC invocations=60 (full 0):
 garbage-first heap   total 528384K, used 396197K [0x0000000680000000, 0x0000000800000000)
  region size 4096K, 24 young (98304K), 4 survivors (16384K)
 Metaspace       used 135093K, committed 137472K, reserved 1179648K
  class space    used 19007K, committed 20160K, reserved 1048576K
}
Event: 18.772 GC heap after
{Heap after GC invocations=61 (full 0):
 garbage-first heap   total 528384K, used 332692K [0x0000000680000000, 0x0000000800000000)
  region size 4096K, 3 young (12288K), 3 survivors (12288K)
 Metaspace       used 135093K, committed 137472K, reserved 1179648K
  class space    used 19007K, committed 20160K, reserved 1048576K
}
Event: 18.864 GC heap before
{Heap before GC invocations=61 (full 0):
 garbage-first heap   total 528384K, used 455572K [0x0000000680000000, 0x0000000800000000)
  region size 4096K, 34 young (139264K), 3 survivors (12288K)
 Metaspace       used 136217K, committed 138624K, reserved 1179648K
  class space    used 19209K, committed 20352K, reserved 1048576K
}
Event: 18.883 GC heap after
{Heap after GC invocations=62 (full 0):
 garbage-first heap   total 1323008K, used 361691K [0x0000000680000000, 0x0000000800000000)
  region size 4096K, 5 young (20480K), 5 survivors (20480K)
 Metaspace       used 136217K, committed 138624K, reserved 1179648K
  class space    used 19209K, committed 20352K, reserved 1048576K
}
Event: 19.412 GC heap before
{Heap before GC invocations=62 (full 0):
 garbage-first heap   total 1323008K, used 931035K [0x0000000680000000, 0x0000000800000000)
  region size 4096K, 145 young (593920K), 5 survivors (20480K)
 Metaspace       used 141900K, committed 144320K, reserved 1179648K
  class space    used 20176K, committed 21312K, reserved 1048576K
}
Event: 19.492 GC heap after
{Heap after GC invocations=63 (full 0):
 garbage-first heap   total 1323008K, used 473552K [0x0000000680000000, 0x0000000800000000)
  region size 4096K, 19 young (77824K), 19 survivors (77824K)
 Metaspace       used 141900K, committed 144320K, reserved 1179648K
  class space    used 20176K, committed 21312K, reserved 1048576K
}
Event: 20.249 GC heap before
{Heap before GC invocations=63 (full 0):
 garbage-first heap   total 1323008K, used 960976K [0x0000000680000000, 0x0000000800000000)
  region size 4096K, 138 young (565248K), 19 survivors (77824K)
 Metaspace       used 144041K, committed 146496K, reserved 1179648K
  class space    used 20461K, committed 21632K, reserved 1048576K
}
Event: 20.313 GC heap after
{Heap after GC invocations=64 (full 0):
 garbage-first heap   total 1323008K, used 537448K [0x0000000680000000, 0x0000000800000000)
  region size 4096K, 15 young (61440K), 15 survivors (61440K)
 Metaspace       used 144041K, committed 146496K, reserved 1179648K
  class space    used 20461K, committed 21632K, reserved 1048576K
}
Event: 20.876 GC heap before
{Heap before GC invocations=64 (full 0):
 garbage-first heap   total 1323008K, used 1028968K [0x0000000680000000, 0x0000000800000000)
  region size 4096K, 135 young (552960K), 15 survivors (61440K)
 Metaspace       used 144935K, committed 147392K, reserved 1179648K
  class space    used 20503K, committed 21696K, reserved 1048576K
}
Event: 20.916 GC heap after
{Heap after GC invocations=65 (full 0):
 garbage-first heap   total 1323008K, used 585239K [0x0000000680000000, 0x0000000800000000)
  region size 4096K, 13 young (53248K), 13 survivors (53248K)
 Metaspace       used 144935K, committed 147392K, reserved 1179648K
  class space    used 20503K, committed 21696K, reserved 1048576K
}
Event: 21.310 GC heap before
{Heap before GC invocations=65 (full 0):
 garbage-first heap   total 1323008K, used 1084951K [0x0000000680000000, 0x0000000800000000)
  region size 4096K, 135 young (552960K), 13 survivors (53248K)
 Metaspace       used 145301K, committed 147712K, reserved 1179648K
  class space    used 20503K, committed 21696K, reserved 1048576K
}

